<?xml version="1.0" encoding="UTF-8"?>
<testng-results ignored="1" total="4" passed="3" failed="0" skipped="0">
  <reporter-output>
  </reporter-output>
  <suite started-at="2026-06-17T13:11:01 IST" name="Default suite" finished-at="2026-06-17T13:11:08 IST" duration-ms="7841">
    <groups>
    </groups>
    <test started-at="2026-06-17T13:11:01 IST" name="Default test" finished-at="2026-06-17T13:11:08 IST" duration-ms="7841">
      <class name="tests.LoginTest">
        <test-method is-config="true" signature="baseurl()[pri:0, instance:tests.LoginTest@323b36e0]" started-at="2026-06-17T13:11:01 IST" name="baseurl" finished-at="2026-06-17T13:11:01 IST" duration-ms="453" status="PASS">
          <reporter-output>
          </reporter-output>
        </test-method> <!-- baseurl -->
        <test-method signature="invalidEmailloginTest(java.lang.String,java.lang.String)[pri:0, instance:tests.LoginTest@323b36e0]" started-at="2026-06-17T13:11:01 IST" name="invalidEmailloginTest" data-provider="loginData" finished-at="2026-06-17T13:11:04 IST" duration-ms="2929" status="PASS">
          <params>
            <param index="0">
              <value>
                <![CDATA[ad@gmail.com]]>
              </value>
            </param>
            <param index="1">
              <value>
                <![CDATA[123]]>
              </value>
            </param>
          </params>
          <reporter-output>
          </reporter-output>
        </test-method> <!-- invalidEmailloginTest -->
        <test-method signature="invalidEmailloginTest(java.lang.String,java.lang.String)[pri:0, instance:tests.LoginTest@323b36e0]" started-at="2026-06-17T13:11:04 IST" name="invalidEmailloginTest" data-provider="loginData" finished-at="2026-06-17T13:11:07 IST" duration-ms="3237" status="PASS">
          <params>
            <param index="0">
              <value>
                <![CDATA[sam@gmail.com]]>
              </value>
            </param>
            <param index="1">
              <value>
                <![CDATA[1234]]>
              </value>
            </param>
          </params>
          <reporter-output>
          </reporter-output>
        </test-method> <!-- invalidEmailloginTest -->
        <test-method signature="invalidEmailloginTest(java.lang.String,java.lang.String)[pri:0, instance:tests.LoginTest@323b36e0]" started-at="2026-06-17T13:11:07 IST" name="invalidEmailloginTest" data-provider="loginData" finished-at="2026-06-17T13:11:08 IST" duration-ms="1172" status="PASS">
          <params>
            <param index="0">
              <value>
                <![CDATA[]]>
              </value>
            </param>
            <param index="1">
              <value>
                <![CDATA[]]>
              </value>
            </param>
          </params>
          <reporter-output>
          </reporter-output>
        </test-method> <!-- invalidEmailloginTest -->
      </class> <!-- tests.LoginTest -->
    </test> <!-- Default test -->
  </suite> <!-- Default suite -->
</testng-results>
