<?xml version="1.0" encoding="UTF-8"?>
<!-- Generated by org.testng.reporters.JUnitXMLReporter -->
<testsuite ignored="1" hostname="DharshanJayapal" failures="0" tests="3" name="Default test" time="7.841" errors="0" timestamp="2026-06-17T13:11:08 IST">
  <testcase classname="tests.LoginTest" name="invalidEmailloginTest" time="2.929"/>
  <testcase classname="tests.LoginTest" name="invalidEmailloginTest" time="3.237"/>
  <testcase classname="tests.LoginTest" name="invalidEmailloginTest" time="1.172"/>
  <testcase classname="tests.LoginTest" name="loginTest" time="0.0">
    <ignored/>
  </testcase> <!-- loginTest -->
</testsuite> <!-- Default test -->
