<?xml version="1.0" encoding="UTF-8"?>
<!-- Generated by org.testng.reporters.JUnitReportReporter -->
<testsuite hostname="DharshanJayapal" failures="0" tests="3" name="tests.LoginTest" time="7.338" errors="0" timestamp="2026-06-17T13:11:09 IST" skipped="0">
  <testcase classname="tests.LoginTest" name="invalidEmailloginTest" time="1.172"/>
  <testcase classname="tests.LoginTest" name="invalidEmailloginTest" time="2.929"/>
  <testcase classname="tests.LoginTest" name="invalidEmailloginTest" time="3.237"/>
</testsuite> <!-- tests.LoginTest -->
