<?xml version="1.0" encoding="UTF-8"?>
<!-- Generated by org.testng.reporters.JUnitReportReporter -->
<testsuite hostname="DharshanJayapal" failures="0" tests="4" name="com.runner.RunnerCucumber" time="20.427" errors="0" timestamp="2026-05-13T16:46:57 IST" skipped="0">
  <testcase classname="com.runner.RunnerCucumber" name="runScenario" time="3.834"/>
  <testcase classname="com.runner.RunnerCucumber" name="runScenario" time="9.470"/>
  <testcase classname="com.runner.RunnerCucumber" name="runScenario" time="4.107"/>
  <testcase classname="com.runner.RunnerCucumber" name="runScenario" time="3.016"/>
</testsuite> <!-- com.runner.RunnerCucumber -->
